[debug] [2018-04-14T11:40:27.529Z] ----------------------------------------------------------------------
[debug] [2018-04-14T11:40:27.531Z] Command:       /usr/local/bin/node /Users/lana/Works/seoul-bike/seoul-bike/node_modules/.bin/firebase init
[debug] [2018-04-14T11:40:27.531Z] CLI Version:   3.18.4
[debug] [2018-04-14T11:40:27.531Z] Platform:      darwin
[debug] [2018-04-14T11:40:27.531Z] Node Version:  v8.9.1
[debug] [2018-04-14T11:40:27.532Z] Time:          Sat Apr 14 2018 20:40:27 GMT+0900 (KST)
[debug] [2018-04-14T11:40:27.532Z] ----------------------------------------------------------------------
[debug] 
[debug] [2018-04-14T11:40:27.539Z] > command requires scopes: ["email","openid","https://www.googleapis.com/auth/cloudplatformprojects.readonly","https://www.googleapis.com/auth/firebase"]
[debug] [2018-04-14T11:40:27.540Z] > authorizing via signed-in user
[info] 
     🔥🔥🔥🔥🔥🔥🔥🔥 🔥🔥🔥🔥 🔥🔥🔥🔥🔥🔥🔥🔥  🔥🔥🔥🔥🔥🔥🔥🔥 🔥🔥🔥🔥🔥🔥🔥🔥     🔥🔥🔥     🔥🔥🔥🔥🔥🔥  🔥🔥🔥🔥🔥🔥🔥🔥
     🔥🔥        🔥🔥  🔥🔥     🔥🔥 🔥🔥       🔥🔥     🔥🔥  🔥🔥   🔥🔥  🔥🔥       🔥🔥
     🔥🔥🔥🔥🔥🔥    🔥🔥  🔥🔥🔥🔥🔥🔥🔥🔥  🔥🔥🔥🔥🔥🔥   🔥🔥🔥🔥🔥🔥🔥🔥  🔥🔥🔥🔥🔥🔥🔥🔥🔥  🔥🔥🔥🔥🔥🔥  🔥🔥🔥🔥🔥🔥
     🔥🔥        🔥🔥  🔥🔥    🔥🔥  🔥🔥       🔥🔥     🔥🔥 🔥🔥     🔥🔥       🔥🔥 🔥🔥
     🔥🔥       🔥🔥🔥🔥 🔥🔥     🔥🔥 🔥🔥🔥🔥🔥🔥🔥🔥 🔥🔥🔥🔥🔥🔥🔥🔥  🔥🔥     🔥🔥  🔥🔥🔥🔥🔥🔥  🔥🔥🔥🔥🔥🔥🔥🔥

You're about to initialize a Firebase project in this directory:

  /Users/lana/Works/seoul-bike/seoul-bike

[info] 
=== Project Setup
[info] 
[info] First, let's associate this project directory with a Firebase project.
[info] You can create multiple project aliases by running firebase use --add, 
[info] but for now we'll just set up a default project.
[info] 
[debug] [2018-04-14T11:40:36.921Z] > refreshing access token with scopes: ["email","https://www.googleapis.com/auth/cloudplatformprojects.readonly","https://www.googleapis.com/auth/firebase","openid"]
[debug] [2018-04-14T11:40:36.921Z] >>> HTTP REQUEST POST https://www.googleapis.com/oauth2/v3/token  
 { refresh_token: '1/ODMC69h7XUiX_aOzsfL7_t0K_9IDQiu1zAMgwlyC5wVpU11zlZIDuPu-bVOYEq9E',
  client_id: '563584335869-fgrhgmd47bqnekij5i8b5pr03ho849e6.apps.googleusercontent.com',
  client_secret: 'j9iVZfS8kkCEFUPaAeJV0sAi',
  grant_type: 'refresh_token',
  scope: 'email https://www.googleapis.com/auth/cloudplatformprojects.readonly https://www.googleapis.com/auth/firebase openid' } 
 Sat Apr 14 2018 20:40:36 GMT+0900 (KST)
[debug] [2018-04-14T11:40:37.453Z] <<< HTTP RESPONSE 200
[debug] [2018-04-14T11:40:37.465Z] >>> HTTP REQUEST GET https://admin.firebase.com/v1/projects  
  
 Sat Apr 14 2018 20:40:37 GMT+0900 (KST)
[debug] [2018-04-14T11:40:38.632Z] <<< HTTP RESPONSE 200
[info] 
=== Hosting Setup
[info] 
[info] Your public directory is the folder (relative to your project directory) that
[info] will contain Hosting assets to be uploaded with firebase deploy. If you
[info] have a build process for your assets, use your build's output directory.
[info] 
